procc: 0 || Init Total Time: 0.000001
procc: 1 || Init Total Time: 0.000000
procc: 2 || Init Total Time: 0.000001
procc: 3 || Init Total Time: 0.000001
procc: 0 || Intern Computation Time: 0.000000
procc: 0 || Intern Comm Time: 0.000000
procc: 0 || Computation Total Time: 0.073450
procc: 2 || Intern Computation Time: 0.000000
procc: 2 || Intern Comm Time: 0.000000
procc: 2 || Computation Total Time: 0.073443
procc: 3 || Intern Computation Time: 0.000000
procc: 3 || Intern Comm Time: 0.000000
procc: 3 || Computation Total Time: 0.075401
procc: 1 || Intern Computation Time: 0.000000
procc: 1 || Intern Comm Time: 0.000000
procc: 1 || Computation Total Time: 0.085387
id: 3 index: 43 val: 0
id: 1 index: 43 val: 7
id: 2 index: 43 val: 7
id: 0 index: 43 val: 6
Total Time: 0.092675
